<?xml version="1.0" encoding="UTF-8"?>
<testng-results ignored="0" total="4" passed="4" failed="0" skipped="0">
  <reporter-output>
  </reporter-output>
  <suite started-at="2025-07-29T09:32:03 IST" name="Surefire suite" finished-at="2025-07-29T09:32:04 IST" duration-ms="1431">
    <groups>
      <group name="cucumber">
        <method signature="AbstractTestNGCucumberTests.runScenario(io.cucumber.testng.PickleWrapper,io.cucumber.testng.FeatureWrapper)[pri:0, instance:parallel.RunCucumberTest@44821a96]" name="runScenario" class="io.cucumber.testng.AbstractTestNGCucumberTests"/>
      </group> <!-- cucumber -->
    </groups>
    <test started-at="2025-07-29T09:32:03 IST" name="Surefire test" finished-at="2025-07-29T09:32:04 IST" duration-ms="1431">
      <class name="parallel.RunCucumberTest">
        <test-method is-config="true" signature="setUpClass(org.testng.ITestContext)[pri:0, instance:parallel.RunCucumberTest@44821a96]" started-at="2025-07-29T09:32:03 IST" name="setUpClass" finished-at="2025-07-29T09:32:04 IST" duration-ms="1031" status="PASS">
          <params>
            <param index="0">
              <value>
                <![CDATA[org.testng.TestRunner@403f0a22]]>
              </value>
            </param>
          </params>
          <reporter-output>
          </reporter-output>
        </test-method> <!-- setUpClass -->
        <test-method signature="runScenario(io.cucumber.testng.PickleWrapper,io.cucumber.testng.FeatureWrapper)[pri:0, instance:parallel.RunCucumberTest@44821a96]" started-at="2025-07-29T09:32:04 IST" name="runScenario" description="Runs Cucumber Scenarios" data-provider="scenarios" finished-at="2025-07-29T09:32:04 IST" duration-ms="282" status="PASS">
          <params>
            <param index="0">
              <value>
                <![CDATA["Scenario Number One"]]>
              </value>
            </param>
            <param index="1">
              <value>
                <![CDATA["Scenarios feature file"]]>
              </value>
            </param>
          </params>
          <reporter-output>
          </reporter-output>
        </test-method> <!-- runScenario -->
        <test-method signature="runScenario(io.cucumber.testng.PickleWrapper,io.cucumber.testng.FeatureWrapper)[pri:0, instance:parallel.RunCucumberTest@44821a96]" started-at="2025-07-29T09:32:04 IST" name="runScenario" description="Runs Cucumber Scenarios" data-provider="scenarios" finished-at="2025-07-29T09:32:04 IST" duration-ms="282" status="PASS">
          <params>
            <param index="0">
              <value>
                <![CDATA["Scenario Outline Row 2"]]>
              </value>
            </param>
            <param index="1">
              <value>
                <![CDATA["Scenario Outlines feature file"]]>
              </value>
            </param>
          </params>
          <reporter-output>
          </reporter-output>
        </test-method> <!-- runScenario -->
        <test-method signature="runScenario(io.cucumber.testng.PickleWrapper,io.cucumber.testng.FeatureWrapper)[pri:0, instance:parallel.RunCucumberTest@44821a96]" started-at="2025-07-29T09:32:04 IST" name="runScenario" description="Runs Cucumber Scenarios" data-provider="scenarios" finished-at="2025-07-29T09:32:04 IST" duration-ms="282" status="PASS">
          <params>
            <param index="0">
              <value>
                <![CDATA["Scenario Number Two"]]>
              </value>
            </param>
            <param index="1">
              <value>
                <![CDATA["Scenarios feature file"]]>
              </value>
            </param>
          </params>
          <reporter-output>
          </reporter-output>
        </test-method> <!-- runScenario -->
        <test-method signature="runScenario(io.cucumber.testng.PickleWrapper,io.cucumber.testng.FeatureWrapper)[pri:0, instance:parallel.RunCucumberTest@44821a96]" started-at="2025-07-29T09:32:04 IST" name="runScenario" description="Runs Cucumber Scenarios" data-provider="scenarios" finished-at="2025-07-29T09:32:04 IST" duration-ms="281" status="PASS">
          <params>
            <param index="0">
              <value>
                <![CDATA["Scenario Outline Row 1"]]>
              </value>
            </param>
            <param index="1">
              <value>
                <![CDATA["Scenario Outlines feature file"]]>
              </value>
            </param>
          </params>
          <reporter-output>
          </reporter-output>
        </test-method> <!-- runScenario -->
        <test-method is-config="true" signature="tearDownClass()[pri:0, instance:parallel.RunCucumberTest@44821a96]" started-at="2025-07-29T09:32:04 IST" name="tearDownClass" finished-at="2025-07-29T09:32:04 IST" duration-ms="8" status="PASS">
          <reporter-output>
          </reporter-output>
        </test-method> <!-- tearDownClass -->
      </class> <!-- parallel.RunCucumberTest -->
    </test> <!-- Surefire test -->
  </suite> <!-- Surefire suite -->
</testng-results>
